D:\Coding\C++ Project\超管（链表类）\超管（链表类）\Debug\cl.command.1.tlog
D:\Coding\C++ Project\超管（链表类）\超管（链表类）\Debug\CL.read.1.tlog
D:\Coding\C++ Project\超管（链表类）\超管（链表类）\Debug\CL.write.1.tlog
D:\CODING\C++ PROJECT\超管（链表类）\超管（链表类）\DEBUG\COMMODITYDATA.OBJ
D:\CODING\C++ PROJECT\超管（链表类）\超管（链表类）\DEBUG\HELP.OBJ
D:\Coding\C++ Project\超管（链表类）\超管（链表类）\Debug\link.command.1.tlog
D:\Coding\C++ Project\超管（链表类）\超管（链表类）\Debug\link.read.1.tlog
D:\Coding\C++ Project\超管（链表类）\超管（链表类）\Debug\link.write.1.tlog
D:\CODING\C++ PROJECT\超管（链表类）\超管（链表类）\DEBUG\MAIN.OBJ
D:\CODING\C++ PROJECT\超管（链表类）\超管（链表类）\DEBUG\MENU.OBJ
D:\Coding\C++ Project\超管（链表类）\超管（链表类）\Debug\mt.command.1.tlog
D:\Coding\C++ Project\超管（链表类）\超管（链表类）\Debug\mt.read.1.tlog
D:\Coding\C++ Project\超管（链表类）\超管（链表类）\Debug\mt.write.1.tlog
D:\CODING\C++ PROJECT\超管（链表类）\超管（链表类）\DEBUG\PASSWORD.OBJ
D:\CODING\C++ PROJECT\超管（链表类）\超管（链表类）\DEBUG\STAFFDATA.OBJ
D:\Coding\C++ Project\超管（链表类）\超管（链表类）\Debug\vc100.idb
D:\CODING\C++ PROJECT\超管（链表类）\超管（链表类）\DEBUG\VC100.PDB
D:\CODING\C++ PROJECT\超管（链表类）\超管（链表类）\DEBUG\超市销售业绩信息管理系统（链表类）.EXE
D:\CODING\C++ PROJECT\超管（链表类）\超管（链表类）\DEBUG\超市销售业绩信息管理系统（链表类）.EXE.INTERMEDIATE.MANIFEST
D:\CODING\C++ PROJECT\超管（链表类）\超管（链表类）\DEBUG\超市销售业绩信息管理系统（链表类）.ILK
D:\CODING\C++ PROJECT\超管（链表类）\超管（链表类）\DEBUG\超市销售业绩信息管理系统（链表类）.PDB
